{
  "RSpec": {
    "coverage": {
      "/Users/tomkellett/Coding/Makers/Week2/oystercard/spec/journey_spec.rb": {
        "lines": [
          1,
          null,
          1,
          3,
          4,
          4,
          2,
          null,
          1,
          3,
          3,
          null,
          null,
          1,
          1,
          null,
          null,
          1,
          1,
          1,
          null,
          null,
          1,
          1,
          null,
          null
        ]
      },
      "/Users/tomkellett/Coding/Makers/Week2/oystercard/lib/journey.rb": {
        "lines": [
          1,
          1,
          1,
          1,
          1,
          null,
          1,
          24,
          24,
          24,
          24,
          null,
          null,
          1,
          14,
          null,
          null,
          1,
          6,
          null,
          null
        ]
      },
      "/Users/tomkellett/Coding/Makers/Week2/oystercard/spec/journeylog_spec.rb": {
        "lines": [
          1,
          null,
          1,
          2,
          null,
          1,
          1,
          1,
          null,
          null,
          1,
          1,
          null,
          null,
          1,
          1,
          1,
          null,
          null,
          1,
          1,
          2,
          2,
          null,
          null,
          1,
          1,
          null,
          null,
          1,
          2,
          null,
          null,
          null,
          null
        ]
      },
      "/Users/tomkellett/Coding/Makers/Week2/oystercard/lib/journeylog.rb": {
        "lines": [
          1,
          1,
          null,
          1,
          12,
          12,
          12,
          null,
          null,
          1,
          8,
          null,
          null,
          1,
          7,
          7,
          null,
          null,
          1,
          1,
          7,
          null,
          null,
          null
        ]
      },
      "/Users/tomkellett/Coding/Makers/Week2/oystercard/spec/oystercard_spec.rb": {
        "lines": [
          1,
          null,
          1,
          null,
          8,
          8,
          8,
          1,
          1,
          null,
          1,
          7,
          7,
          7,
          7,
          null,
          null,
          1,
          1,
          null,
          null,
          1,
          1,
          1,
          null,
          null,
          1,
          2,
          null,
          null,
          1,
          2,
          null,
          null,
          1,
          1,
          1,
          4,
          null,
          null,
          1,
          1,
          2,
          2,
          null,
          null,
          null,
          1,
          4,
          null,
          null,
          1,
          1,
          1,
          null,
          null,
          1,
          4,
          null,
          null,
          null,
          null
        ]
      },
      "/Users/tomkellett/Coding/Makers/Week2/oystercard/lib/oystercard.rb": {
        "lines": [
          1,
          1,
          1,
          null,
          1,
          7,
          7,
          7,
          null,
          null,
          1,
          5,
          4,
          null,
          null,
          1,
          5,
          4,
          4,
          null,
          null,
          1,
          3,
          3,
          null,
          null,
          1,
          null,
          1,
          4,
          null,
          null,
          1,
          9,
          null,
          null
        ]
      },
      "/Users/tomkellett/Coding/Makers/Week2/oystercard/spec/station_spec.rb": {
        "lines": [
          1,
          null,
          1,
          3,
          null,
          1,
          1,
          null,
          null,
          1,
          1,
          null,
          null
        ]
      },
      "/Users/tomkellett/Coding/Makers/Week2/oystercard/lib/station.rb": {
        "lines": [
          1,
          1,
          1,
          2,
          2,
          null,
          null
        ]
      }
    },
    "timestamp": 1633009303
  }
}
